<?xml version="1.0" encoding="utf-8"?><testsuites name="pytest tests"><testsuite name="pytest" errors="0" failures="0" skipped="0" tests="18" time="2.895" timestamp="2026-09-13T15:21:01.216405+00:00" hostname="agent-env-19972d52-0c78-49a3-ad67-802f37b46d57"><testcase classname="tests.backend_test.TestAuth" name="test_login_success" time="0.413" /><testcase classname="tests.backend_test.TestLeads" name="test_create_lead_success" time="1.032" /><testcase classname="tests.backend_test.TestAuth" name="test_login_wrong_password" time="0.348" /><testcase classname="tests.backend_test.TestAuth" name="test_me_requires_auth" time="0.144" /><testcase classname="tests.backend_test.TestLeads" name="test_create_lead_missing_kvkk" time="0.235" /><testcase classname="tests.backend_test.TestLeads" name="test_create_lead_invalid_phone" time="0.112" /><testcase classname="tests.backend_test.TestAuth" name="test_me_with_token" time="0.474" /><testcase classname="tests.backend_test.TestLeads" name="test_list_leads_requires_auth" time="0.179" /><testcase classname="tests.backend_test.TestReferences" name="test_public_references_list" time="0.148" /><testcase classname="tests.backend_test.TestReferences" name="test_admin_references_requires_auth" time="0.117" /><testcase classname="tests.backend_test.TestReferences" name="test_admin_create_reference" time="0.074" /><testcase classname="tests.backend_test.TestReferences" name="test_admin_update_reference" time="0.223" /><testcase classname="tests.backend_test.TestLeads" name="test_list_leads_and_find_qa" time="0.447" /><testcase classname="tests.backend_test" name="test_health" time="0.066" /><testcase classname="tests.backend_test.TestLeads" name="test_update_lead_status" time="0.132" /><testcase classname="tests.backend_test" name="test_locations_cities_route_absent" time="0.135" /><testcase classname="tests.backend_test.TestLeads" name="test_update_lead_invalid_status" time="0.062" /><testcase classname="tests.backend_test.TestLeads" name="test_assign_lead_unassigned" time="0.063" /></testsuite></testsuites>