<?xml version="1.0" encoding="utf-8"?><testsuites name="pytest tests"><testsuite name="pytest" errors="0" failures="0" skipped="0" tests="18" time="3.023" timestamp="2026-09-13T16:29:08.532578+00:00" hostname="agent-env-19972d52-0c78-49a3-ad67-802f37b46d57"><testcase classname="tests.backend_test.TestAuth" name="test_login_success" time="0.562" /><testcase classname="tests.backend_test.TestLeads" name="test_create_lead_success" time="1.199" /><testcase classname="tests.backend_test.TestAuth" name="test_login_wrong_password" time="0.383" /><testcase classname="tests.backend_test.TestAuth" name="test_me_requires_auth" time="0.122" /><testcase classname="tests.backend_test.TestLeads" name="test_create_lead_missing_kvkk" time="0.226" /><testcase classname="tests.backend_test.TestLeads" name="test_create_lead_invalid_phone" time="0.066" /><testcase classname="tests.backend_test.TestAuth" name="test_me_with_token" time="0.473" /><testcase classname="tests.backend_test.TestLeads" name="test_list_leads_requires_auth" time="0.145" /><testcase classname="tests.backend_test.TestReferences" name="test_public_references_list" time="0.163" /><testcase classname="tests.backend_test.TestReferences" name="test_admin_references_requires_auth" time="0.286" /><testcase classname="tests.backend_test.TestReferences" name="test_admin_create_reference" time="0.074" /><testcase classname="tests.backend_test.TestLeads" name="test_list_leads_and_find_qa" time="0.431" /><testcase classname="tests.backend_test.TestReferences" name="test_admin_update_reference" time="0.107" /><testcase classname="tests.backend_test.TestLeads" name="test_update_lead_status" time="0.147" /><testcase classname="tests.backend_test" name="test_health" time="0.081" /><testcase classname="tests.backend_test.TestLeads" name="test_update_lead_invalid_status" time="0.108" /><testcase classname="tests.backend_test" name="test_locations_cities_route_absent" time="0.112" /><testcase classname="tests.backend_test.TestLeads" name="test_assign_lead_unassigned" time="0.117" /></testsuite></testsuites>